c:\users\furka\source\repos\opengltemplate\opengltemplate\debug\vc142.pdb
c:\users\furka\source\repos\opengltemplate\opengltemplate\debug\vc142.ıdb
c:\users\furka\source\repos\opengltemplate\opengltemplate\debug\trampolıne.obj
c:\users\furka\source\repos\opengltemplate\opengltemplate\debug\hook.obj
c:\users\furka\source\repos\opengltemplate\opengltemplate\debug\hde64.obj
c:\users\furka\source\repos\opengltemplate\opengltemplate\debug\hde32.obj
c:\users\furka\source\repos\opengltemplate\opengltemplate\debug\buffer.obj
c:\users\furka\source\repos\opengltemplate\opengltemplate\debug\ımguı_wıdgets.obj
c:\users\furka\source\repos\opengltemplate\opengltemplate\debug\ımguı_tables.obj
c:\users\furka\source\repos\opengltemplate\opengltemplate\debug\ımguı_ımpl_wın32.obj
c:\users\furka\source\repos\opengltemplate\opengltemplate\debug\ımguı_draw.obj
c:\users\furka\source\repos\opengltemplate\opengltemplate\debug\ımguı_demo.obj
c:\users\furka\source\repos\opengltemplate\opengltemplate\debug\ımguı.obj
c:\users\furka\source\repos\opengltemplate\opengltemplate\debug\dllmaın.obj
c:\users\furka\source\repos\opengltemplate\opengltemplate\debug\ımguı_ımpl_opengl3.obj
c:\users\furka\source\repos\opengltemplate\opengltemplate\debug\dllmain.obj
c:\users\furka\source\repos\opengltemplate\opengltemplate\debug\imgui.obj
c:\users\furka\source\repos\opengltemplate\opengltemplate\debug\imgui_demo.obj
c:\users\furka\source\repos\opengltemplate\opengltemplate\debug\imgui_draw.obj
c:\users\furka\source\repos\opengltemplate\opengltemplate\debug\imgui_impl_opengl3.obj
c:\users\furka\source\repos\opengltemplate\opengltemplate\debug\imgui_impl_win32.obj
c:\users\furka\source\repos\opengltemplate\opengltemplate\debug\imgui_tables.obj
c:\users\furka\source\repos\opengltemplate\opengltemplate\debug\imgui_widgets.obj
c:\users\furka\source\repos\opengltemplate\opengltemplate\debug\trampoline.obj
c:\users\furka\source\repos\opengltemplate\opengltemplate\debug\vc142.idb
c:\users\furka\source\repos\opengltemplate\debug\opengltemplate.pdb
c:\users\furka\source\repos\opengltemplate\opengltemplate\debug\opengltemplate.tlog\cl.command.1.tlog
c:\users\furka\source\repos\opengltemplate\opengltemplate\debug\opengltemplate.tlog\cl.read.1.tlog
c:\users\furka\source\repos\opengltemplate\opengltemplate\debug\opengltemplate.tlog\cl.write.1.tlog
c:\users\furka\source\repos\opengltemplate\opengltemplate\debug\opengltemplate.tlog\link-cvtres.read.1.tlog
c:\users\furka\source\repos\opengltemplate\opengltemplate\debug\opengltemplate.tlog\link-cvtres.write.1.tlog
c:\users\furka\source\repos\opengltemplate\opengltemplate\debug\opengltemplate.tlog\link-rc.read.1.tlog
c:\users\furka\source\repos\opengltemplate\opengltemplate\debug\opengltemplate.tlog\link-rc.write.1.tlog
c:\users\furka\source\repos\opengltemplate\opengltemplate\debug\opengltemplate.tlog\link.13888-cvtres.read.1.tlog
c:\users\furka\source\repos\opengltemplate\opengltemplate\debug\opengltemplate.tlog\link.13888-cvtres.write.1.tlog
c:\users\furka\source\repos\opengltemplate\opengltemplate\debug\opengltemplate.tlog\link.13888-rc.read.1.tlog
c:\users\furka\source\repos\opengltemplate\opengltemplate\debug\opengltemplate.tlog\link.13888-rc.write.1.tlog
c:\users\furka\source\repos\opengltemplate\opengltemplate\debug\opengltemplate.tlog\link.13888.read.1.tlog
c:\users\furka\source\repos\opengltemplate\opengltemplate\debug\opengltemplate.tlog\link.13888.write.1.tlog
c:\users\furka\source\repos\opengltemplate\opengltemplate\debug\opengltemplate.tlog\link.command.1.tlog
c:\users\furka\source\repos\opengltemplate\opengltemplate\debug\opengltemplate.tlog\link.read.1.tlog
c:\users\furka\source\repos\opengltemplate\opengltemplate\debug\opengltemplate.tlog\link.write.1.tlog
